[    21.223] (--) Log file renamed from "/home/savi/.local/share/xorg/Xorg.pid-1352.log" to "/home/savi/.local/share/xorg/Xorg.0.log"
[    21.228] 
X.Org X Server 1.20.13
X Protocol Version 11, Revision 0
[    21.228] Build Operating System: linux Ubuntu
[    21.228] Current Operating System: Linux ubuntu 5.15.0-117-generic #127~20.04.1-Ubuntu SMP Thu Jul 11 15:36:12 UTC 2024 x86_64
[    21.228] Kernel command line: BOOT_IMAGE=/boot/vmlinuz-5.15.0-117-generic root=UUID=3cf8a5f7-9590-4245-93d8-6addc3fe5e8c ro find_preseed=/preseed.cfg auto noprompt priority=critical locale=en_US quiet
[    21.228] Build Date: 09 April 2024  01:36:10AM
[    21.228] xorg-server 2:1.20.13-1ubuntu1~20.04.17 (For technical support please see http://www.ubuntu.com/support) 
[    21.228] Current version of pixman: 0.38.4
[    21.228] 	Before reporting problems, check http://wiki.x.org
	to make sure that you have the latest version.
[    21.228] Markers: (--) probed, (**) from config file, (==) default setting,
	(++) from command line, (!!) notice, (II) informational,
	(WW) warning, (EE) error, (NI) not implemented, (??) unknown.
[    21.228] (==) Log file: "/home/savi/.local/share/xorg/Xorg.0.log", Time: Sat Aug  3 10:54:03 2024
[    21.231] (==) Using system config directory "/usr/share/X11/xorg.conf.d"
[    21.236] (==) No Layout section.  Using the first Screen section.
[    21.236] (==) No screen section available. Using defaults.
[    21.236] (**) |-->Screen "Default Screen Section" (0)
[    21.236] (**) |   |-->Monitor "<default monitor>"
[    21.238] (==) No monitor specified for screen "Default Screen Section".
	Using a default monitor configuration.
[    21.238] (==) Automatically adding devices
[    21.238] (==) Automatically enabling devices
[    21.238] (==) Automatically adding GPU devices
[    21.238] (==) Automatically binding GPU devices
[    21.238] (==) Max clients allowed: 256, resource mask: 0x1fffff
[    21.238] (WW) The directory "/usr/share/fonts/X11/cyrillic" does not exist.
[    21.238] 	Entry deleted from font path.
[    21.238] (WW) The directory "/usr/share/fonts/X11/100dpi/" does not exist.
[    21.238] 	Entry deleted from font path.
[    21.238] (WW) The directory "/usr/share/fonts/X11/75dpi/" does not exist.
[    21.238] 	Entry deleted from font path.
[    21.238] (WW) The directory "/usr/share/fonts/X11/100dpi" does not exist.
[    21.238] 	Entry deleted from font path.
[    21.238] (WW) The directory "/usr/share/fonts/X11/75dpi" does not exist.
[    21.238] 	Entry deleted from font path.
[    21.238] (==) FontPath set to:
	/usr/share/fonts/X11/misc,
	/usr/share/fonts/X11/Type1,
	built-ins
[    21.238] (==) ModulePath set to "/usr/lib/xorg/modules"
[    21.238] (II) The server relies on udev to provide the list of input devices.
	If no devices become available, reconfigure udev or disable AutoAddDevices.
[    21.238] (II) Loader magic: 0x55f9b11ad020
[    21.238] (II) Module ABI versions:
[    21.238] 	X.Org ANSI C Emulation: 0.4
[    21.238] 	X.Org Video Driver: 24.1
[    21.238] 	X.Org XInput driver : 24.1
[    21.238] 	X.Org Server Extension : 10.0
[    21.241] (++) using VT number 2

[    21.245] (II) systemd-logind: took control of session /org/freedesktop/login1/session/_32
[    21.246] (II) xfree86: Adding drm device (/dev/dri/card0)
[    21.247] (II) systemd-logind: got fd for /dev/dri/card0 226:0 fd 12 paused 0
[    21.450] (--) PCI:*(0@0:15:0) 15ad:0405:15ad:0405 rev 0, Mem @ 0xe8000000/134217728, 0xfe000000/8388608, I/O @ 0x00001070/16, BIOS @ 0x????????/131072
[    21.451] (II) LoadModule: "glx"
[    21.455] (II) Loading /usr/lib/xorg/modules/extensions/libglx.so
[    21.461] (II) Module glx: vendor="X.Org Foundation"
[    21.461] 	compiled for 1.20.13, module version = 1.0.0
[    21.461] 	ABI class: X.Org Server Extension, version 10.0
[    21.461] (==) Matched vmware as autoconfigured driver 0
[    21.461] (==) Matched modesetting as autoconfigured driver 1
[    21.461] (==) Matched fbdev as autoconfigured driver 2
[    21.461] (==) Matched vesa as autoconfigured driver 3
[    21.461] (==) Assigned the driver to the xf86ConfigLayout
[    21.461] (II) LoadModule: "vmware"
[    21.461] (II) Loading /usr/lib/xorg/modules/drivers/vmware_drv.so
[    21.612] (II) Module vmware: vendor="X.Org Foundation"
[    21.612] 	compiled for 1.20.8, module version = 13.3.0
[    21.612] 	Module class: X.Org Video Driver
[    21.612] 	ABI class: X.Org Video Driver, version 24.1
[    21.612] (II) LoadModule: "modesetting"
[    21.612] (II) Loading /usr/lib/xorg/modules/drivers/modesetting_drv.so
[    21.618] (II) Module modesetting: vendor="X.Org Foundation"
[    21.618] 	compiled for 1.20.13, module version = 1.20.13
[    21.618] 	Module class: X.Org Video Driver
[    21.618] 	ABI class: X.Org Video Driver, version 24.1
[    21.618] (II) LoadModule: "fbdev"
[    21.619] (II) Loading /usr/lib/xorg/modules/drivers/fbdev_drv.so
[    21.621] (II) Module fbdev: vendor="X.Org Foundation"
[    21.621] 	compiled for 1.20.1, module version = 0.5.0
[    21.621] 	Module class: X.Org Video Driver
[    21.621] 	ABI class: X.Org Video Driver, version 24.0
[    21.621] (II) LoadModule: "vesa"
[    21.621] (II) Loading /usr/lib/xorg/modules/drivers/vesa_drv.so
[    21.623] (II) Module vesa: vendor="X.Org Foundation"
[    21.623] 	compiled for 1.20.4, module version = 2.4.0
[    21.623] 	Module class: X.Org Video Driver
[    21.623] 	ABI class: X.Org Video Driver, version 24.0
[    21.623] (II) vmware: driver for VMware SVGA: vmware0405, vmware0710
[    21.623] (II) modesetting: Driver for Modesetting Kernel Drivers: kms
[    21.623] (II) FBDEV: driver for framebuffer: fbdev
[    21.623] (II) VESA: driver for VESA chipsets: vesa
[    21.623] xf86EnableIOPorts: failed to set IOPL for I/O (Operation not permitted)
[    21.623] (WW) Falling back to old probe method for modesetting
[    21.623] (WW) Falling back to old probe method for fbdev
[    21.623] (II) Loading sub module "fbdevhw"
[    21.623] (II) LoadModule: "fbdevhw"
[    21.623] (II) Loading /usr/lib/xorg/modules/libfbdevhw.so
[    21.626] (II) Module fbdevhw: vendor="X.Org Foundation"
[    21.626] 	compiled for 1.20.13, module version = 0.0.2
[    21.626] 	ABI class: X.Org Video Driver, version 24.1
[    21.626] (EE) open /dev/fb0: Permission denied
[    21.626] (WW) VGA arbiter: cannot open kernel arbiter, no multi-card support
[    21.626] (II) vmware(0): Creating default Display subsection in Screen section
	"Default Screen Section" for depth/fbbpp 24/32
[    21.626] (--) vmware(0): DRM driver version is 2.19.0
[    21.626] (==) vmware(0): Depth 24, (--) framebuffer bpp 32
[    21.626] (==) vmware(0): RGB weight 888
[    21.626] (==) vmware(0): Default visual is TrueColor
[    21.626] (--) vmware(0): Min width 1, Max Width 16384.
[    21.626] (--) vmware(0): Min height 1, Max Height 16384.
[    21.629] (II) vmware(0): Output Virtual1 has no monitor section
[    21.629] (II) vmware(0): Output Virtual2 has no monitor section
[    21.629] (II) vmware(0): Output Virtual3 has no monitor section
[    21.629] (II) vmware(0): Output Virtual4 has no monitor section
[    21.630] (II) vmware(0): Output Virtual5 has no monitor section
[    21.630] (II) vmware(0): Output Virtual6 has no monitor section
[    21.630] (II) vmware(0): Output Virtual7 has no monitor section
[    21.630] (II) vmware(0): Output Virtual8 has no monitor section
[    21.630] (II) vmware(0): Printing probed modes for output Virtual1
[    21.630] (II) vmware(0): Modeline "800x600"x60.0   42.75  800 850 900 950  600 650 700 750 -hsync +vsync (45.0 kHz eP)
[    21.630] (II) vmware(0): Modeline "3840x2400"x60.0  592.25  3840 3888 3920 4000  2400 2403 2409 2469 +hsync -vsync (148.1 kHz e)
[    21.630] (II) vmware(0): Modeline "3840x2160"x60.0  533.00  3840 3888 3920 4000  2160 2163 2168 2222 +hsync -vsync (133.2 kHz e)
[    21.630] (II) vmware(0): Modeline "2880x1800"x59.9  337.50  2880 2928 2960 3040  1800 1803 1809 1852 +hsync -vsync (111.0 kHz e)
[    21.630] (II) vmware(0): Modeline "2560x1600"x60.0  348.50  2560 2752 3032 3504  1600 1603 1609 1658 -hsync +vsync (99.5 kHz e)
[    21.630] (II) vmware(0): Modeline "2560x1440"x60.0  241.50  2560 2608 2640 2720  1440 1443 1448 1481 +hsync -vsync (88.8 kHz e)
[    21.630] (II) vmware(0): Modeline "1920x1440"x60.0  234.00  1920 2048 2256 2600  1440 1441 1444 1500 -hsync +vsync (90.0 kHz e)
[    21.630] (II) vmware(0): Modeline "1856x1392"x60.0  218.25  1856 1952 2176 2528  1392 1393 1396 1439 -hsync +vsync (86.3 kHz e)
[    21.630] (II) vmware(0): Modeline "1792x1344"x60.0  204.75  1792 1920 2120 2448  1344 1345 1348 1394 -hsync +vsync (83.6 kHz e)
[    21.630] (II) vmware(0): Modeline "1920x1200"x59.9  193.25  1920 2056 2256 2592  1200 1203 1209 1245 -hsync +vsync (74.6 kHz e)
[    21.630] (II) vmware(0): Modeline "1920x1080"x60.0  173.00  1920 2048 2248 2576  1080 1083 1088 1120 -hsync +vsync (67.2 kHz e)
[    21.630] (II) vmware(0): Modeline "1600x1200"x60.0  162.00  1600 1664 1856 2160  1200 1201 1204 1250 +hsync +vsync (75.0 kHz e)
[    21.630] (II) vmware(0): Modeline "1680x1050"x60.0  146.25  1680 1784 1960 2240  1050 1053 1059 1089 -hsync +vsync (65.3 kHz e)
[    21.630] (II) vmware(0): Modeline "1400x1050"x60.0  121.75  1400 1488 1632 1864  1050 1053 1057 1089 -hsync +vsync (65.3 kHz e)
[    21.630] (II) vmware(0): Modeline "1280x1024"x60.0  108.00  1280 1328 1440 1688  1024 1025 1028 1066 +hsync +vsync (64.0 kHz e)
[    21.630] (II) vmware(0): Modeline "1440x900"x59.9  106.50  1440 1520 1672 1904  900 903 909 934 -hsync +vsync (55.9 kHz e)
[    21.630] (II) vmware(0): Modeline "1280x960"x60.0  108.00  1280 1376 1488 1800  960 961 964 1000 +hsync +vsync (60.0 kHz e)
[    21.630] (II) vmware(0): Modeline "1360x768"x60.0   85.50  1360 1424 1536 1792  768 771 777 795 +hsync +vsync (47.7 kHz e)
[    21.630] (II) vmware(0): Modeline "1280x800"x59.8   83.50  1280 1352 1480 1680  800 803 809 831 +hsync -vsync (49.7 kHz e)
[    21.630] (II) vmware(0): Modeline "1152x864"x75.0  108.00  1152 1216 1344 1600  864 865 868 900 +hsync +vsync (67.5 kHz e)
[    21.630] (II) vmware(0): Modeline "1280x768"x59.9   79.50  1280 1344 1472 1664  768 771 778 798 -hsync +vsync (47.8 kHz e)
[    21.630] (II) vmware(0): Modeline "1280x720"x59.9   74.50  1280 1344 1472 1664  720 723 728 748 -hsync +vsync (44.8 kHz e)
[    21.630] (II) vmware(0): Modeline "1024x768"x60.0   65.00  1024 1048 1184 1344  768 771 777 806 -hsync -vsync (48.4 kHz e)
[    21.630] (II) vmware(0): Modeline "800x600"x60.3   40.00  800 840 968 1056  600 601 605 628 +hsync +vsync (37.9 kHz e)
[    21.630] (II) vmware(0): Modeline "640x480"x59.9   25.18  640 656 752 800  480 489 492 525 -hsync -vsync (31.5 kHz e)
[    21.630] (II) vmware(0): EDID for output Virtual2
[    21.630] (II) vmware(0): EDID for output Virtual3
[    21.631] (II) vmware(0): EDID for output Virtual4
[    21.631] (II) vmware(0): EDID for output Virtual5
[    21.631] (II) vmware(0): EDID for output Virtual6
[    21.631] (II) vmware(0): EDID for output Virtual7
[    21.631] (II) vmware(0): EDID for output Virtual8
[    21.631] (II) vmware(0): Output Virtual1 connected
[    21.631] (II) vmware(0): Output Virtual2 disconnected
[    21.631] (II) vmware(0): Output Virtual3 disconnected
[    21.631] (II) vmware(0): Output Virtual4 disconnected
[    21.631] (II) vmware(0): Output Virtual5 disconnected
[    21.631] (II) vmware(0): Output Virtual6 disconnected
[    21.631] (II) vmware(0): Output Virtual7 disconnected
[    21.631] (II) vmware(0): Output Virtual8 disconnected
[    21.631] (II) vmware(0): Using exact sizes for initial modes
[    21.631] (II) vmware(0): Output Virtual1 using initial mode 800x600 +0+0
[    21.631] (==) vmware(0): DPI set to (96, 96)
[    21.631] (==) vmware(0): Using gamma correction (1.0, 1.0, 1.0)
[    21.631] (II) Loading sub module "fb"
[    21.631] (II) LoadModule: "fb"
[    21.632] (II) Loading /usr/lib/xorg/modules/libfb.so
[    21.636] (II) Module fb: vendor="X.Org Foundation"
[    21.636] 	compiled for 1.20.13, module version = 1.0.0
[    21.636] 	ABI class: X.Org ANSI C Emulation, version 0.4
[    21.636] (II) Loading sub module "dri2"
[    21.636] (II) LoadModule: "dri2"
[    21.636] (II) Module "dri2" already built-in
[    21.636] (II) Loading sub module "dri3"
[    21.637] (II) LoadModule: "dri3"
[    21.637] (II) Module "dri3" already built-in
[    21.637] (II) UnloadModule: "modesetting"
[    21.637] (II) Unloading modesetting
[    21.637] (II) UnloadModule: "fbdev"
[    21.637] (II) Unloading fbdev
[    21.637] (II) UnloadSubModule: "fbdevhw"
[    21.637] (II) Unloading fbdevhw
[    21.637] (II) UnloadModule: "vesa"
[    21.637] (II) Unloading vesa
[    21.640] (II) vmware(0): Initialized VMWARE_CTRL extension version 0.2
[    21.684] (II) vmware(0): Gallium3D XA version: 2.5.0.
[    21.684] (II) vmware(0): Path of drm device is "/dev/dri/card0".
[    21.684] (II) vmware(0): [DRI2] Setup complete
[    21.684] (II) vmware(0): [DRI2]   DRI driver: vmwgfx
[    22.331] (--) vmware(0): Render acceleration is enabled.
[    22.331] (==) vmware(0): Rendercheck mode is disabled.
[    22.331] (--) vmware(0): Direct rendering (DRI2 3D) is enabled.
[    22.331] (--) vmware(0): Direct rendering (DRI3 3D) is enabled.
[    22.331] (==) vmware(0): Direct presents are disabled.
[    22.331] (==) vmware(0): Hardware only presents are automatic per scanout.
[    22.331] (==) vmware(0): Backing store enabled
[    22.331] (==) vmware(0): Silken mouse enabled
[    22.337] (==) vmware(0): DPMS enabled
[    22.337] (II) Initializing extension Generic Event Extension
[    22.337] (II) Initializing extension SHAPE
[    22.337] (II) Initializing extension MIT-SHM
[    22.337] (II) Initializing extension XInputExtension
[    22.338] (II) Initializing extension XTEST
[    22.339] (II) Initializing extension BIG-REQUESTS
[    22.339] (II) Initializing extension SYNC
[    22.339] (II) Initializing extension XKEYBOARD
[    22.339] (II) Initializing extension XC-MISC
[    22.339] (II) Initializing extension SECURITY
[    22.339] (II) Initializing extension XFIXES
[    22.340] (II) Initializing extension RENDER
[    22.340] (II) Initializing extension RANDR
[    22.340] (II) Initializing extension COMPOSITE
[    22.340] (II) Initializing extension DAMAGE
[    22.340] (II) Initializing extension MIT-SCREEN-SAVER
[    22.340] (II) Initializing extension DOUBLE-BUFFER
[    22.340] (II) Initializing extension RECORD
[    22.340] (II) Initializing extension DPMS
[    22.340] (II) Initializing extension Present
[    22.341] (II) Initializing extension DRI3
[    22.341] (II) Initializing extension X-Resource
[    22.341] (II) Initializing extension XVideo
[    22.341] (II) Initializing extension XVideo-MotionCompensation
[    22.341] (II) Initializing extension SELinux
[    22.341] (II) SELinux: Disabled on system
[    22.341] (II) Initializing extension GLX
[    22.357] (II) AIGLX: Loaded and initialized vmwgfx
[    22.357] (II) GLX: Initialized DRI2 GL provider for screen 0
[    22.357] (II) Initializing extension XFree86-VidModeExtension
[    22.357] (II) Initializing extension XFree86-DGA
[    22.357] (II) Initializing extension XFree86-DRI
[    22.357] (II) Initializing extension DRI2
[    22.361] (II) vmware(0): Setting screen physical size to 211 x 158
[    22.413] (II) config/udev: Adding input device Power Button (/dev/input/event0)
[    22.413] (**) Power Button: Applying InputClass "libinput keyboard catchall"
[    22.413] (II) LoadModule: "libinput"
[    22.413] (II) Loading /usr/lib/xorg/modules/input/libinput_drv.so
[    22.419] (II) Module libinput: vendor="X.Org Foundation"
[    22.419] 	compiled for 1.20.4, module version = 0.29.0
[    22.419] 	Module class: X.Org XInput Driver
[    22.419] 	ABI class: X.Org XInput driver, version 24.1
[    22.419] (II) Using input driver 'libinput' for 'Power Button'
[    22.420] (II) systemd-logind: got fd for /dev/input/event0 13:64 fd 24 paused 0
[    22.421] (**) Power Button: always reports core events
[    22.421] (**) Option "Device" "/dev/input/event0"
[    22.421] (**) Option "_source" "server/udev"
[    22.425] (II) event0  - Power Button: is tagged by udev as: Keyboard
[    22.425] (II) event0  - Power Button: device is a keyboard
[    22.426] (II) event0  - Power Button: device removed
[    22.426] (**) Option "config_info" "udev:/sys/devices/LNXSYSTM:00/LNXPWRBN:00/input/input0/event0"
[    22.427] (II) XINPUT: Adding extended input device "Power Button" (type: KEYBOARD, id 6)
[    22.427] (**) Option "xkb_model" "SKIP"
[    22.427] (**) Option "xkb_layout" "us"
[    22.460] (II) event0  - Power Button: is tagged by udev as: Keyboard
[    22.460] (II) event0  - Power Button: device is a keyboard
[    22.461] (II) config/udev: Adding input device VMware VMware Virtual USB Mouse (/dev/input/event4)
[    22.461] (**) VMware VMware Virtual USB Mouse: Applying InputClass "libinput pointer catchall"
[    22.461] (II) Using input driver 'libinput' for 'VMware VMware Virtual USB Mouse'
[    22.521] (II) systemd-logind: got fd for /dev/input/event4 13:68 fd 27 paused 0
[    22.521] (**) VMware VMware Virtual USB Mouse: always reports core events
[    22.521] (**) Option "Device" "/dev/input/event4"
[    22.521] (**) Option "_source" "server/udev"
[    22.523] (II) event4  - VMware VMware Virtual USB Mouse: is tagged by udev as: Mouse
[    22.523] (II) event4  - VMware VMware Virtual USB Mouse: device is a pointer
[    22.524] (II) event4  - VMware VMware Virtual USB Mouse: device removed
[    22.524] (**) Option "config_info" "udev:/sys/devices/pci0000:00/0000:00:11.0/0000:02:00.0/usb2/2-1/2-1:1.0/0003:0E0F:0003.0001/input/input5/event4"
[    22.524] (II) XINPUT: Adding extended input device "VMware VMware Virtual USB Mouse" (type: MOUSE, id 7)
[    22.524] (**) Option "AccelerationScheme" "none"
[    22.524] (**) VMware VMware Virtual USB Mouse: (accel) selected scheme none/0
[    22.524] (**) VMware VMware Virtual USB Mouse: (accel) acceleration factor: 2.000
[    22.524] (**) VMware VMware Virtual USB Mouse: (accel) acceleration threshold: 4
[    22.526] (II) event4  - VMware VMware Virtual USB Mouse: is tagged by udev as: Mouse
[    22.526] (II) event4  - VMware VMware Virtual USB Mouse: device is a pointer
[    22.527] (II) config/udev: Adding input device VMware VMware Virtual USB Mouse (/dev/input/mouse2)
[    22.527] (II) No input driver specified, ignoring this device.
[    22.527] (II) This device may have been added with another device file.
[    22.527] (II) config/udev: Adding input device AT Translated Set 2 keyboard (/dev/input/event1)
[    22.527] (**) AT Translated Set 2 keyboard: Applying InputClass "libinput keyboard catchall"
[    22.527] (II) Using input driver 'libinput' for 'AT Translated Set 2 keyboard'
[    22.529] (II) systemd-logind: got fd for /dev/input/event1 13:65 fd 28 paused 0
[    22.529] (**) AT Translated Set 2 keyboard: always reports core events
[    22.529] (**) Option "Device" "/dev/input/event1"
[    22.529] (**) Option "_source" "server/udev"
[    22.530] (II) event1  - AT Translated Set 2 keyboard: is tagged by udev as: Keyboard
[    22.530] (II) event1  - AT Translated Set 2 keyboard: device is a keyboard
[    22.531] (II) event1  - AT Translated Set 2 keyboard: device removed
[    22.531] (**) Option "config_info" "udev:/sys/devices/platform/i8042/serio0/input/input1/event1"
[    22.531] (II) XINPUT: Adding extended input device "AT Translated Set 2 keyboard" (type: KEYBOARD, id 8)
[    22.531] (**) Option "xkb_model" "SKIP"
[    22.531] (**) Option "xkb_layout" "us"
[    22.532] (II) event1  - AT Translated Set 2 keyboard: is tagged by udev as: Keyboard
[    22.532] (II) event1  - AT Translated Set 2 keyboard: device is a keyboard
[    22.533] (II) config/udev: Adding input device VirtualPS/2 VMware VMMouse (/dev/input/event3)
[    22.533] (**) VirtualPS/2 VMware VMMouse: Applying InputClass "libinput pointer catchall"
[    22.533] (II) Using input driver 'libinput' for 'VirtualPS/2 VMware VMMouse'
[    22.534] (II) systemd-logind: got fd for /dev/input/event3 13:67 fd 29 paused 0
[    22.534] (**) VirtualPS/2 VMware VMMouse: always reports core events
[    22.534] (**) Option "Device" "/dev/input/event3"
[    22.534] (**) Option "_source" "server/udev"
[    22.535] (II) event3  - VirtualPS/2 VMware VMMouse: is tagged by udev as: Mouse
[    22.536] (II) event3  - VirtualPS/2 VMware VMMouse: device is a pointer
[    22.536] (II) event3  - VirtualPS/2 VMware VMMouse: device removed
[    22.536] (**) Option "config_info" "udev:/sys/devices/platform/i8042/serio1/input/input3/event3"
[    22.536] (II) XINPUT: Adding extended input device "VirtualPS/2 VMware VMMouse" (type: MOUSE, id 9)
[    22.537] (**) Option "AccelerationScheme" "none"
[    22.537] (**) VirtualPS/2 VMware VMMouse: (accel) selected scheme none/0
[    22.537] (**) VirtualPS/2 VMware VMMouse: (accel) acceleration factor: 2.000
[    22.537] (**) VirtualPS/2 VMware VMMouse: (accel) acceleration threshold: 4
[    22.538] (II) event3  - VirtualPS/2 VMware VMMouse: is tagged by udev as: Mouse
[    22.538] (II) event3  - VirtualPS/2 VMware VMMouse: device is a pointer
[    22.539] (II) config/udev: Adding input device VirtualPS/2 VMware VMMouse (/dev/input/mouse1)
[    22.539] (II) No input driver specified, ignoring this device.
[    22.539] (II) This device may have been added with another device file.
[    22.539] (II) config/udev: Adding input device VirtualPS/2 VMware VMMouse (/dev/input/event2)
[    22.539] (**) VirtualPS/2 VMware VMMouse: Applying InputClass "libinput pointer catchall"
[    22.539] (II) Using input driver 'libinput' for 'VirtualPS/2 VMware VMMouse'
[    22.541] (II) systemd-logind: got fd for /dev/input/event2 13:66 fd 30 paused 0
[    22.541] (**) VirtualPS/2 VMware VMMouse: always reports core events
[    22.541] (**) Option "Device" "/dev/input/event2"
[    22.541] (**) Option "_source" "server/udev"
[    22.543] (II) event2  - VirtualPS/2 VMware VMMouse: is tagged by udev as: Mouse
[    22.543] (II) event2  - VirtualPS/2 VMware VMMouse: device is a pointer
[    22.544] (II) event2  - VirtualPS/2 VMware VMMouse: device removed
[    22.544] (**) Option "config_info" "udev:/sys/devices/platform/i8042/serio1/input/input4/event2"
[    22.544] (II) XINPUT: Adding extended input device "VirtualPS/2 VMware VMMouse" (type: MOUSE, id 10)
[    22.544] (**) Option "AccelerationScheme" "none"
[    22.545] (**) VirtualPS/2 VMware VMMouse: (accel) selected scheme none/0
[    22.545] (**) VirtualPS/2 VMware VMMouse: (accel) acceleration factor: 2.000
[    22.545] (**) VirtualPS/2 VMware VMMouse: (accel) acceleration threshold: 4
[    22.546] (II) event2  - VirtualPS/2 VMware VMMouse: is tagged by udev as: Mouse
[    22.546] (II) event2  - VirtualPS/2 VMware VMMouse: device is a pointer
[    22.547] (II) config/udev: Adding input device VirtualPS/2 VMware VMMouse (/dev/input/mouse0)
[    22.547] (II) No input driver specified, ignoring this device.
[    22.547] (II) This device may have been added with another device file.
